  NetworkingUtils.cpp
  OscOutboundPacketStream.cpp
  OscPrintReceivedElements.cpp
  OscReceivedElements.cpp
  OscTypes.cpp
  UdpSocket.cpp
  FlashSender.cpp
  OneEuroFilter.cpp
  OscReceiver.cpp
  TcpReceiver.cpp
  TcpSender.cpp
  TuioBlob.cpp
  TuioClient.cpp
  TuioContainer.cpp
  TuioCursor.cpp
  TuioDispatcher.cpp
  TuioManager.cpp
  TuioObject.cpp
  TuioPoint.cpp
  TuioServer.cpp
  TuioTime.cpp
  UdpReceiver.cpp
  UdpSender.cpp
  WebSockSender.cpp
     Creating library Release\x64\libTUIO.lib and object Release\x64\libTUIO.exp
  Generating code
  Finished generating code
  libTUIO.vcxproj -> C:\Users\JeyJ\Desktop\T_Server_0_2\TUIO11_CPP-master\windows\Release\x64\libTUIO.dll
  libTUIO.vcxproj -> Release\x64\libTUIO.pdb (Full PDB)
