c:\users\jeyj\desktop\t_server_0_2\tuio11_cpp-master\windows\release\win32\libtuio\oscreceivedelements.obj
c:\users\jeyj\desktop\t_server_0_2\tuio11_cpp-master\windows\release\win32\libtuio\osctypes.obj
c:\users\jeyj\desktop\t_server_0_2\tuio11_cpp-master\windows\release\win32\libtuio\flashsender.obj
c:\users\jeyj\desktop\t_server_0_2\tuio11_cpp-master\windows\release\win32\libtuio\tuioblob.obj
c:\users\jeyj\desktop\t_server_0_2\tuio11_cpp-master\windows\release\win32\libtuio\tuiocursor.obj
c:\users\jeyj\desktop\t_server_0_2\tuio11_cpp-master\windows\release\win32\libtuio\tuioobject.obj
c:\users\jeyj\desktop\t_server_0_2\tuio11_cpp-master\windows\release\win32\libtuio\tuiotime.obj
c:\users\jeyj\desktop\t_server_0_2\tuio11_cpp-master\windows\release\win32\libtuio\websocksender.obj
c:\users\jeyj\desktop\t_server_0_2\tuio11_cpp-master\windows\release\win32\libtuio\networkingutils.obj
c:\users\jeyj\desktop\t_server_0_2\tuio11_cpp-master\windows\release\win32\libtuio\oneeurofilter.obj
c:\users\jeyj\desktop\t_server_0_2\tuio11_cpp-master\windows\release\win32\libtuio\tcpreceiver.obj
c:\users\jeyj\desktop\t_server_0_2\tuio11_cpp-master\windows\release\win32\libtuio\tuiodispatcher.obj
c:\users\jeyj\desktop\t_server_0_2\tuio11_cpp-master\windows\release\win32\libtuio\tuiopoint.obj
c:\users\jeyj\desktop\t_server_0_2\tuio11_cpp-master\windows\release\win32\libtuio\udpsender.obj
c:\users\jeyj\desktop\t_server_0_2\tuio11_cpp-master\windows\release\win32\libtuio\oscoutboundpacketstream.obj
c:\users\jeyj\desktop\t_server_0_2\tuio11_cpp-master\windows\release\win32\libtuio\udpsocket.obj
c:\users\jeyj\desktop\t_server_0_2\tuio11_cpp-master\windows\release\win32\libtuio\tcpsender.obj
c:\users\jeyj\desktop\t_server_0_2\tuio11_cpp-master\windows\release\win32\libtuio\tuioclient.obj
c:\users\jeyj\desktop\t_server_0_2\tuio11_cpp-master\windows\release\win32\libtuio\tuioserver.obj
c:\users\jeyj\desktop\t_server_0_2\tuio11_cpp-master\windows\release\win32\libtuio\oscprintreceivedelements.obj
c:\users\jeyj\desktop\t_server_0_2\tuio11_cpp-master\windows\release\win32\libtuio\oscreceiver.obj
c:\users\jeyj\desktop\t_server_0_2\tuio11_cpp-master\windows\release\win32\libtuio\tuiocontainer.obj
c:\users\jeyj\desktop\t_server_0_2\tuio11_cpp-master\windows\release\win32\libtuio\tuiomanager.obj
c:\users\jeyj\desktop\t_server_0_2\tuio11_cpp-master\windows\release\win32\libtuio\udpreceiver.obj
c:\users\jeyj\desktop\t_server_0_2\tuio11_cpp-master\windows\release\win32\libtuio\vc140.pdb
c:\users\jeyj\desktop\t_server_0_2\tuio11_cpp-master\windows\release\win32\libtuio.lib
c:\users\jeyj\desktop\t_server_0_2\tuio11_cpp-master\windows\release\win32\libtuio.exp
c:\users\jeyj\desktop\t_server_0_2\tuio11_cpp-master\windows\release\win32\libtuio.dll
c:\users\jeyj\desktop\t_server_0_2\tuio11_cpp-master\windows\release\win32\libtuio.pdb
c:\users\jeyj\desktop\t_server_0_2\tuio11_cpp-master\windows\release\win32\libtuio\libtuio.vcxprojresolveassemblyreference.cache
c:\users\jeyj\desktop\t_server_0_2\tuio11_cpp-master\windows\release\win32\libtuio\libtuio.tlog\cl.command.1.tlog
c:\users\jeyj\desktop\t_server_0_2\tuio11_cpp-master\windows\release\win32\libtuio\libtuio.tlog\cl.read.1.tlog
c:\users\jeyj\desktop\t_server_0_2\tuio11_cpp-master\windows\release\win32\libtuio\libtuio.tlog\cl.write.1.tlog
c:\users\jeyj\desktop\t_server_0_2\tuio11_cpp-master\windows\release\win32\libtuio\libtuio.tlog\libtuio.write.1u.tlog
c:\users\jeyj\desktop\t_server_0_2\tuio11_cpp-master\windows\release\win32\libtuio\libtuio.tlog\link.command.1.tlog
c:\users\jeyj\desktop\t_server_0_2\tuio11_cpp-master\windows\release\win32\libtuio\libtuio.tlog\link.read.1.tlog
c:\users\jeyj\desktop\t_server_0_2\tuio11_cpp-master\windows\release\win32\libtuio\libtuio.tlog\link.write.1.tlog
