libcpmt.lib(locale.obj) : error LNK2001: unresolved external symbol ___std_exception_destroy
libcpmt.lib(wlocale.obj) : error LNK2001: unresolved external symbol ___std_exception_destroy
libcpmt.lib(xlocale.obj) : error LNK2001: unresolved external symbol ___std_exception_destroy
TuioDump.obj : error LNK2001: unresolved external symbol ___std_exception_destroy
msvcrt.lib(throw_bad_alloc.obj) : error LNK2001: unresolved external symbol ___std_exception_destroy
libcpmt.lib(cout.obj) : error LNK2001: unresolved external symbol ___std_exception_destroy
libcpmt.lib(xthrow.obj) : error LNK2001: unresolved external symbol ___std_exception_destroy
TuioDump.obj : error LNK2001: unresolved external symbol _calloc
libcpmt.lib(locale.obj) : error LNK2001: unresolved external symbol _calloc
libcpmt.lib(wlocale.obj) : error LNK2001: unresolved external symbol _calloc
libcpmt.lib(xlocale.obj) : error LNK2001: unresolved external symbol _calloc
libcpmt.lib(xlocale.obj) : error LNK2001: unresolved external symbol _memmove
TuioDump.obj : error LNK2001: unresolved external symbol _memmove
libcpmt.lib(cout.obj) : error LNK2001: unresolved external symbol _memmove
libcpmt.lib(locale.obj) : error LNK2001: unresolved external symbol _memmove
libcpmt.lib(wlocale.obj) : error LNK2001: unresolved external symbol _memmove
libcpmt.lib(locale.obj) : error LNK2001: unresolved external symbol ___std_exception_copy
libcpmt.lib(wlocale.obj) : error LNK2001: unresolved external symbol ___std_exception_copy
libcpmt.lib(xlocale.obj) : error LNK2001: unresolved external symbol ___std_exception_copy
TuioDump.obj : error LNK2001: unresolved external symbol ___std_exception_copy
msvcrt.lib(throw_bad_alloc.obj) : error LNK2001: unresolved external symbol ___std_exception_copy
libcpmt.lib(cout.obj) : error LNK2001: unresolved external symbol ___std_exception_copy
libcpmt.lib(xthrow.obj) : error LNK2001: unresolved external symbol ___std_exception_copy
TuioDump.obj : error LNK2001: unresolved external symbol _strcspn
libcpmt.lib(locale.obj) : error LNK2001: unresolved external symbol _strcspn
libcpmt.lib(wlocale.obj) : error LNK2001: unresolved external symbol _strcspn
TuioDump.obj : error LNK2001: unresolved external symbol ___stdio_common_vsprintf_s
libcpmt.lib(locale.obj) : error LNK2001: unresolved external symbol ___stdio_common_vsprintf_s
libcpmt.lib(wlocale.obj) : error LNK2001: unresolved external symbol ___stdio_common_vsprintf_s
libcpmt.lib(xlocale.obj) : error LNK2001: unresolved external symbol ___stdio_common_vsprintf_s
libcpmt.lib(wlocale.obj) : error LNK2001: unresolved external symbol __purecall
libcpmt.lib(xlocale.obj) : error LNK2001: unresolved external symbol __purecall
TuioDump.obj : error LNK2001: unresolved external symbol __purecall
libcpmt.lib(cout.obj) : error LNK2001: unresolved external symbol __purecall
libcpmt.lib(locale0.obj) : error LNK2001: unresolved external symbol __purecall
libcpmt.lib(locale.obj) : error LNK2001: unresolved external symbol __purecall
TuioDump.obj : error LNK2001: unresolved external symbol _localeconv
libcpmt.lib(locale.obj) : error LNK2001: unresolved external symbol _localeconv
libcpmt.lib(wlocale.obj) : error LNK2001: unresolved external symbol _localeconv
libcpmt.lib(xlocale.obj) : error LNK2001: unresolved external symbol _localeconv
libcpmt.lib(locale.obj) : error LNK2001: unresolved external symbol _free
libcpmt.lib(wlocale.obj) : error LNK2001: unresolved external symbol _free
libcpmt.lib(xlocale.obj) : error LNK2001: unresolved external symbol _free
TuioDump.obj : error LNK2001: unresolved external symbol _free
msvcrt.lib(delete_scalar.obj) : error LNK2001: unresolved external symbol _free
libcpmt.lib(cout.obj) : error LNK2001: unresolved external symbol _free
libcpmt.lib(locale0.obj) : error LNK2001: unresolved external symbol _free
TuioDump.obj : error LNK2001: unresolved external symbol _atoi
TuioDump.obj : error LNK2001: unresolved external symbol _frexp
libcpmt.lib(locale.obj) : error LNK2001: unresolved external symbol _frexp
libcpmt.lib(wlocale.obj) : error LNK2001: unresolved external symbol _frexp
TuioDump.obj : error LNK2001: unresolved external symbol ___std_terminate
libcpmt.lib(cout.obj) : error LNK2001: unresolved external symbol ___std_terminate
libcpmt.lib(locale.obj) : error LNK2001: unresolved external symbol ___std_terminate
libcpmt.lib(wlocale.obj) : error LNK2001: unresolved external symbol __invalid_parameter_noinfo_noreturn
libcpmt.lib(xlocale.obj) : error LNK2001: unresolved external symbol __invalid_parameter_noinfo_noreturn
TuioDump.obj : error LNK2001: unresolved external symbol __invalid_parameter_noinfo_noreturn
libcpmt.lib(cout.obj) : error LNK2001: unresolved external symbol __invalid_parameter_noinfo_noreturn
libcpmt.lib(syserror.obj) : error LNK2001: unresolved external symbol __invalid_parameter_noinfo_noreturn
libcpmt.lib(locale.obj) : error LNK2001: unresolved external symbol __invalid_parameter_noinfo_noreturn
msvcrt.lib(thread_safe_statics.obj) : error LNK2001: unresolved external symbol ___vcrt_InitializeCriticalSectionEx
msvcrt.lib(new_scalar.obj) : error LNK2001: unresolved external symbol __callnewh
libcpmt.lib(xlocale.obj) : error LNK2001: unresolved external symbol _malloc
msvcrt.lib(new_scalar.obj) : error LNK2001: unresolved external symbol _malloc
libcpmt.lib(locale0.obj) : error LNK2001: unresolved external symbol _malloc
libcpmt.lib(locale.obj) : error LNK2001: unresolved external symbol _malloc
libcpmt.lib(wlocale.obj) : error LNK2001: unresolved external symbol _malloc
msvcrt.lib(utility.obj) : error LNK2001: unresolved external symbol __seh_filter_dll
msvcrt.lib(utility.obj) : error LNK2001: unresolved external symbol __configure_narrow_argv
msvcrt.lib(exe_main.obj) : error LNK2001: unresolved external symbol __configure_narrow_argv
msvcrt.lib(utility.obj) : error LNK2001: unresolved external symbol __initialize_narrow_environment
msvcrt.lib(exe_main.obj) : error LNK2001: unresolved external symbol __initialize_narrow_environment
msvcrt.lib(utility.obj) : error LNK2001: unresolved external symbol __initialize_onexit_table
msvcrt.lib(utility.obj) : error LNK2001: unresolved external symbol __register_onexit_function
msvcrt.lib(utility.obj) : error LNK2001: unresolved external symbol __execute_onexit_table
msvcrt.lib(utility.obj) : error LNK2001: unresolved external symbol __crt_atexit
msvcrt.lib(utility.obj) : error LNK2001: unresolved external symbol __crt_at_quick_exit
msvcrt.lib(utility.obj) : error LNK2001: unresolved external symbol __cexit
msvcrt.lib(exe_main.obj) : error LNK2001: unresolved external symbol __cexit
msvcrt.lib(exe_main.obj) : error LNK2001: unresolved external symbol __seh_filter_exe
msvcrt.lib(exe_main.obj) : error LNK2001: unresolved external symbol __set_app_type
msvcrt.lib(exe_main.obj) : error LNK2001: unresolved external symbol ___setusermatherr
msvcrt.lib(exe_main.obj) : error LNK2001: unresolved external symbol __get_initial_narrow_environment
msvcrt.lib(exe_main.obj) : error LNK2001: unresolved external symbol __initterm
msvcrt.lib(exe_main.obj) : error LNK2001: unresolved external symbol __initterm_e
msvcrt.lib(exe_main.obj) : error LNK2001: unresolved external symbol _exit
msvcrt.lib(exe_main.obj) : error LNK2001: unresolved external symbol __exit
msvcrt.lib(exe_main.obj) : error LNK2001: unresolved external symbol __set_fmode
msvcrt.lib(exe_main.obj) : error LNK2001: unresolved external symbol ___p___argc
msvcrt.lib(exe_main.obj) : error LNK2001: unresolved external symbol ___p___argv
msvcrt.lib(exe_main.obj) : error LNK2001: unresolved external symbol __c_exit
msvcrt.lib(exe_main.obj) : error LNK2001: unresolved external symbol __register_thread_local_exe_atexit_callback
msvcrt.lib(exe_main.obj) : error LNK2001: unresolved external symbol __configthreadlocale
msvcrt.lib(exe_main.obj) : error LNK2001: unresolved external symbol __set_new_mode
msvcrt.lib(exe_main.obj) : error LNK2001: unresolved external symbol ___p__commode
msvcrt.lib(utility_desktop.obj) : error LNK2001: unresolved external symbol _terminate
libcpmt.lib(xlocale.obj) : error LNK2001: unresolved external symbol _memset
msvcrt.lib(utility_desktop.obj) : error LNK2001: unresolved external symbol _memset
libcpmt.lib(cout.obj) : error LNK2001: unresolved external symbol _memset
libcpmt.lib(locale.obj) : error LNK2001: unresolved external symbol _memset
libcpmt.lib(wlocale.obj) : error LNK2001: unresolved external symbol _memset
libcpmt.lib(locale.obj) : error LNK2001: unresolved external symbol __CxxThrowException@8
libcpmt.lib(wlocale.obj) : error LNK2001: unresolved external symbol __CxxThrowException@8
libcpmt.lib(xlocale.obj) : error LNK2001: unresolved external symbol __CxxThrowException@8
msvcrt.lib(throw_bad_alloc.obj) : error LNK2001: unresolved external symbol __CxxThrowException@8
libcpmt.lib(cout.obj) : error LNK2001: unresolved external symbol __CxxThrowException@8
libcpmt.lib(xthrow.obj) : error LNK2001: unresolved external symbol __CxxThrowException@8
libcpmt.lib(syserror.obj) : error LNK2001: unresolved external symbol __CxxThrowException@8
msvcrt.lib(_chandler4gs_.obj) : error LNK2001: unresolved external symbol __except_handler4_common
msvcrt.lib(tncleanup.obj) : error LNK2001: unresolved external symbol ___std_type_info_destroy_list
msvcrt.lib(default_precision.obj) : error LNK2001: unresolved external symbol __controlfp_s
libcpmt.lib(xlock.obj) : error LNK2001: unresolved external symbol __lock_locales
libcpmt.lib(xlock.obj) : error LNK2001: unresolved external symbol __unlock_locales
libcpmt.lib(cout.obj) : error LNK2001: unresolved external symbol __invalid_parameter_noinfo
libcpmt.lib(wlocale.obj) : error LNK2001: unresolved external symbol __invalid_parameter_noinfo
libcpmt.lib(xlocale.obj) : error LNK2001: unresolved external symbol __invalid_parameter_noinfo
libcpmt.lib(xstoull.obj) : error LNK2001: unresolved external symbol __errno
libcpmt.lib(xstrcoll.obj) : error LNK2001: unresolved external symbol __errno
libcpmt.lib(xmbtowc.obj) : error LNK2001: unresolved external symbol __errno
libcpmt.lib(xwcscoll.obj) : error LNK2001: unresolved external symbol __errno
libcpmt.lib(xlocale.obj) : error LNK2001: unresolved external symbol __errno
libcpmt.lib(xstol.obj) : error LNK2001: unresolved external symbol __errno
libcpmt.lib(xstoul.obj) : error LNK2001: unresolved external symbol __errno
libcpmt.lib(xstoll.obj) : error LNK2001: unresolved external symbol __errno
libcpmt.lib(cout.obj) : error LNK2001: unresolved external symbol __errno
libcpmt.lib(xwctomb.obj) : error LNK2001: unresolved external symbol __errno
libcpmt.lib(locale.obj) : error LNK2001: unresolved external symbol __errno
libcpmt.lib(wlocale.obj) : error LNK2001: unresolved external symbol __errno
libcpmt.lib(cout.obj) : error LNK2001: unresolved external symbol ___acrt_iob_func
libcpmt.lib(cout.obj) : error LNK2001: unresolved external symbol __get_stream_buffer_pointers
libcpmt.lib(cout.obj) : error LNK2001: unresolved external symbol _fclose
libcpmt.lib(cout.obj) : error LNK2001: unresolved external symbol _fflush
libcpmt.lib(cout.obj) : error LNK2001: unresolved external symbol _fgetc
libcpmt.lib(cout.obj) : error LNK2001: unresolved external symbol _fgetpos
libcpmt.lib(cout.obj) : error LNK2001: unresolved external symbol _fputc
libcpmt.lib(cout.obj) : error LNK2001: unresolved external symbol _fsetpos
libcpmt.lib(cout.obj) : error LNK2001: unresolved external symbol __fseeki64
libcpmt.lib(cout.obj) : error LNK2001: unresolved external symbol _fwrite
libcpmt.lib(cout.obj) : error LNK2001: unresolved external symbol _setvbuf
libcpmt.lib(cout.obj) : error LNK2001: unresolved external symbol _ungetc
libcpmt.lib(cout.obj) : error LNK2001: unresolved external symbol __lock_file
libcpmt.lib(cout.obj) : error LNK2001: unresolved external symbol __unlock_file
libcpmt.lib(iosptrs.obj) : error LNK2001: unresolved external symbol ___CxxFrameHandler3
libcpmt.lib(locale.obj) : error LNK2001: unresolved external symbol ___CxxFrameHandler3
libcpmt.lib(wlocale.obj) : error LNK2001: unresolved external symbol ___CxxFrameHandler3
libcpmt.lib(xlocale.obj) : error LNK2001: unresolved external symbol ___CxxFrameHandler3
libcpmt.lib(cout.obj) : error LNK2001: unresolved external symbol ___CxxFrameHandler3
libcpmt.lib(locale0.obj) : error LNK2001: unresolved external symbol ___CxxFrameHandler3
libcpmt.lib(syserror.obj) : error LNK2001: unresolved external symbol ___CxxFrameHandler3
libcpmt.lib(ios.obj) : error LNK2001: unresolved external symbol ___CxxFrameHandler3
libcpmt.lib(wlocale.obj) : error LNK2001: unresolved external symbol _memcpy
libcpmt.lib(xlocale.obj) : error LNK2001: unresolved external symbol _memcpy
libcpmt.lib(xwcsxfrm.obj) : error LNK2001: unresolved external symbol _memcpy
libcpmt.lib(xstrxfrm.obj) : error LNK2001: unresolved external symbol _memcpy
libcpmt.lib(cout.obj) : error LNK2001: unresolved external symbol _memcpy
libcpmt.lib(locale0.obj) : error LNK2001: unresolved external symbol _memcpy
libcpmt.lib(syserror.obj) : error LNK2001: unresolved external symbol _memcpy
libcpmt.lib(locale.obj) : error LNK2001: unresolved external symbol _memcpy
libcpmt.lib(locale0.obj) : error LNK2001: unresolved external symbol _setlocale
libcpmt.lib(locale.obj) : error LNK2001: unresolved external symbol _setlocale
libcpmt.lib(uncaught.obj) : error LNK2001: unresolved external symbol ___uncaught_exception
libcpmt.lib(uncaught.obj) : error LNK2001: unresolved external symbol ___uncaught_exceptions
libcpmt.lib(_tolower.obj) : error LNK2001: unresolved external symbol __calloc_base
libcpmt.lib(_tolower.obj) : error LNK2001: unresolved external symbol ___pctype_func
libcpmt.lib(_toupper.obj) : error LNK2001: unresolved external symbol ___pctype_func
libcpmt.lib(_tolower.obj) : error LNK2001: unresolved external symbol _isupper
libcpmt.lib(_tolower.obj) : error LNK2001: unresolved external symbol __wcsdup
libcpmt.lib(xstrcoll.obj) : error LNK2001: unresolved external symbol __wcsdup
libcpmt.lib(xdateord.obj) : error LNK2001: unresolved external symbol ____lc_locale_name_func
libcpmt.lib(xwcscoll.obj) : error LNK2001: unresolved external symbol ____lc_locale_name_func
libcpmt.lib(xwcsxfrm.obj) : error LNK2001: unresolved external symbol ____lc_locale_name_func
libcpmt.lib(xstrxfrm.obj) : error LNK2001: unresolved external symbol ____lc_locale_name_func
libcpmt.lib(_tolower.obj) : error LNK2001: unresolved external symbol ____lc_locale_name_func
libcpmt.lib(xwctomb.obj) : error LNK2001: unresolved external symbol ____lc_locale_name_func
libcpmt.lib(_toupper.obj) : error LNK2001: unresolved external symbol ____lc_locale_name_func
libcpmt.lib(xstrcoll.obj) : error LNK2001: unresolved external symbol ____lc_locale_name_func
libcpmt.lib(_tolower.obj) : error LNK2001: unresolved external symbol ____lc_codepage_func
libcpmt.lib(xwctomb.obj) : error LNK2001: unresolved external symbol ____lc_codepage_func
libcpmt.lib(_toupper.obj) : error LNK2001: unresolved external symbol ____lc_codepage_func
libcpmt.lib(xwctomb.obj) : error LNK2001: unresolved external symbol ____mb_cur_max_func
libcpmt.lib(xwctomb.obj) : error LNK2001: unresolved external symbol __ismbblead
libcpmt.lib(_toupper.obj) : error LNK2001: unresolved external symbol _islower
libcpmt.lib(iosptrs.obj) : error LNK2001: unresolved external symbol _abort
libcpmt.lib(locale.obj) : error LNK2001: unresolved external symbol __malloc_base
libcpmt.lib(StlLCMapStringA.obj) : error LNK2001: unresolved external symbol __malloc_base
libcpmt.lib(xwcsxfrm.obj) : error LNK2001: unresolved external symbol __malloc_base
libcpmt.lib(StlCompareStringA.obj) : error LNK2001: unresolved external symbol __malloc_base
libcpmt.lib(locale.obj) : error LNK2001: unresolved external symbol __realloc_base
libcpmt.lib(locale.obj) : error LNK2001: unresolved external symbol _strtof
libcpmt.lib(wlocale.obj) : error LNK2001: unresolved external symbol _strtof
libcpmt.lib(locale.obj) : error LNK2001: unresolved external symbol _strtod
libcpmt.lib(wlocale.obj) : error LNK2001: unresolved external symbol _strtod
libcpmt.lib(xlocale.obj) : error LNK2001: unresolved external symbol _strtod
libcpmt.lib(locale.obj) : error LNK2001: unresolved external symbol _ldexp
libcpmt.lib(wlocale.obj) : error LNK2001: unresolved external symbol _ldexp
libcpmt.lib(locale.obj) : error LNK2001: unresolved external symbol __CIpow
libcpmt.lib(wlocale.obj) : error LNK2001: unresolved external symbol __CIpow
libcpmt.lib(xlocale.obj) : error LNK2001: unresolved external symbol __CIpow
libcpmt.lib(StlLCMapStringA.obj) : error LNK2001: unresolved external symbol ___strncnt
libcpmt.lib(StlCompareStringA.obj) : error LNK2001: unresolved external symbol ___strncnt
libcpmt.lib(StlLCMapStringA.obj) : error LNK2001: unresolved external symbol __free_base
libcpmt.lib(xwcsxfrm.obj) : error LNK2001: unresolved external symbol __free_base
libcpmt.lib(StlCompareStringA.obj) : error LNK2001: unresolved external symbol __free_base
libcpmt.lib(wlocale.obj) : error LNK2001: unresolved external symbol __Getdays
libcpmt.lib(xlocale.obj) : error LNK2001: unresolved external symbol __Getdays
libcpmt.lib(wlocale.obj) : error LNK2001: unresolved external symbol __Getmonths
libcpmt.lib(xlocale.obj) : error LNK2001: unresolved external symbol __Getmonths
libcpmt.lib(wlocale.obj) : error LNK2001: unresolved external symbol __W_Getdays
libcpmt.lib(wlocale.obj) : error LNK2001: unresolved external symbol __W_Getmonths
libcpmt.lib(wlocale.obj) : error LNK2001: unresolved external symbol __W_Gettnames
libcpmt.lib(wlocale.obj) : error LNK2001: unresolved external symbol __Wcsftime
libcpmt.lib(xlocale.obj) : error LNK2001: unresolved external symbol __Gettnames
libcpmt.lib(xlocale.obj) : error LNK2001: unresolved external symbol __Strftime
libcpmt.lib(xstol.obj) : error LNK2001: unresolved external symbol _isspace
libcpmt.lib(xstoul.obj) : error LNK2001: unresolved external symbol _isspace
libcpmt.lib(xstoll.obj) : error LNK2001: unresolved external symbol _isspace
libcpmt.lib(xstoull.obj) : error LNK2001: unresolved external symbol _isspace
libcpmt.lib(xstoul.obj) : error LNK2001: unresolved external symbol _tolower
libcpmt.lib(xstoull.obj) : error LNK2001: unresolved external symbol _tolower
libcpmt.lib(xstoul.obj) : error LNK2001: unresolved external symbol _memchr
libcpmt.lib(xstoull.obj) : error LNK2001: unresolved external symbol _memchr
libcpmt.lib(winapinls.obj) : error LNK2001: unresolved external symbol _wcscpy_s
libcpmt.lib(winapinls.obj) : error LNK2001: unresolved external symbol _wcsnlen
libcpmt.lib(StlCompareStringW.obj) : error LNK2001: unresolved external symbol _wcsnlen
libcpmt.lib(StlLCMapStringW.obj) : error LNK2001: unresolved external symbol _wcsnlen
libcpmt.lib(xstrcoll.obj) : error LNK2001: unresolved external symbol ____lc_collate_cp_func
libcpmt.lib(xstrxfrm.obj) : error LNK2001: unresolved external symbol ____lc_collate_cp_func
libcpmt.lib(xstrcoll.obj) : error LNK2001: unresolved external symbol _memcmp
Release\Win32\TuioDump.exe : fatal error LNK1120: 103 unresolved externals
